<?xml version="1.0" encoding="UTF-8"?>
<coverage generated="1592508346594" clover="3.2.0">
    <project timestamp="1592508346594" name="All files">
        <metrics statements="17" coveredstatements="15" conditionals="4" coveredconditionals="2" methods="4" coveredmethods="4" elements="25" coveredelements="21" complexity="0" loc="17" ncloc="17" packages="1" files="2" classes="2"/>
        <file name="gameIst.js" path="/patToProject/NodeJsIstanbul/src/gameIst.js">
            <metrics statements="6" coveredstatements="5" conditionals="2" coveredconditionals="1" methods="1" coveredmethods="1"/>
            <line num="2" count="1" type="stmt"/>
            <line num="3" count="1" type="cond" truecount="1" falsecount="1"/>
            <line num="4" count="0" type="stmt"/>
            <line num="7" count="1" type="stmt"/>
            <line num="9" count="1" type="stmt"/>
            <line num="11" count="1" type="stmt"/>
        </file>
        <file name="playerIst.js" path="/patToProject/NodeJsIstanbul/src/playerIst.js">
            <metrics statements="11" coveredstatements="10" conditionals="2" coveredconditionals="1" methods="3" coveredmethods="3"/>
            <line num="2" count="2" type="stmt"/>
            <line num="3" count="2" type="stmt"/>
            <line num="4" count="2" type="stmt"/>
            <line num="7" count="1" type="stmt"/>
            <line num="8" count="1" type="cond" truecount="1" falsecount="1"/>
            <line num="9" count="0" type="stmt"/>
            <line num="12" count="1" type="stmt"/>
            <line num="14" count="1" type="stmt"/>
            <line num="17" count="1" type="stmt"/>
            <line num="18" count="1" type="stmt"/>
            <line num="21" count="1" type="stmt"/>
        </file>
    </project>
</coverage>
